"QUERY PLAN"
"Hash Join  (cost=1598.86..45169.76 rows=41218 width=393) (actual time=12.384..171.319 rows=25418 loops=1)"
"  Hash Cond: (call.case_id = incident.case_id)"
"  ->  Seq Scan on call  (cost=0.00..14075.60 rows=373460 width=257) (actual time=0.005..53.873 rows=373460 loops=1)"
"  ->  Hash  (cost=797.16..797.16 rows=25016 width=136) (actual time=12.293..12.293 rows=25016 loops=1)"
"        Buckets: 4096  Batches: 2  Memory Usage: 2167kB"
"        ->  Seq Scan on incident  (cost=0.00..797.16 rows=25016 width=136) (actual time=0.003..4.150 rows=25016 loops=1)"
"Planning time: 0.470 ms"
"Execution time: 172.763 ms"
